<?xml version="1.0" encoding="UTF-8"?>
<testsuite name="com.adventure.MT5" tests="2" skipped="0" failures="0" errors="0" timestamp="2024-02-08T17:44:31" hostname="Dell-Latitude-3520" time="0.072">
  <properties/>
  <testcase name="testScene()" classname="com.adventure.MT5" time="0.066"/>
  <testcase name="testHole()" classname="com.adventure.MT5" time="0.004"/>
  <system-out><![CDATA[Door is now open
]]></system-out>
  <system-err><![CDATA[]]></system-err>
</testsuite>
