<?xml version="1.0" encoding="UTF-8"?>
<testsuite name="com.adventure.MT7" tests="3" skipped="0" failures="0" errors="0" timestamp="2024-02-16T16:54:54" hostname="Dell-Latitude-3520" time="0.087">
  <properties/>
  <testcase name="testReadFile2()" classname="com.adventure.MT7" time="0.069"/>
  <testcase name="testReadFile()" classname="com.adventure.MT7" time="0.003"/>
  <testcase name="testCombatSimulator()" classname="com.adventure.MT7" time="0.012"/>
  <system-out><![CDATA[]]></system-out>
  <system-err><![CDATA[]]></system-err>
</testsuite>
