<?xml version="1.0" encoding="UTF-8"?>
<testsuite name="com.adventure.MT6" tests="3" skipped="0" failures="0" errors="0" timestamp="2024-02-22T18:59:01" hostname="Dell-Latitude-3520" time="1.138">
  <properties/>
  <testcase name="testCommandHelp()" classname="com.adventure.MT6" time="1.124"/>
  <testcase name="testCommandMove()" classname="com.adventure.MT6" time="0.006"/>
  <testcase name="testCommandUse()" classname="com.adventure.MT6" time="0.005"/>
  <system-out><![CDATA[]]></system-out>
  <system-err><![CDATA[]]></system-err>
</testsuite>
