<?xml version="1.0" encoding="UTF-8"?>
<testsuite name="com.adventure.MT7" tests="3" skipped="0" failures="0" errors="0" timestamp="2024-02-22T23:00:33" hostname="Dell-Latitude-3520" time="0.097">
  <properties/>
  <testcase name="testReadFile2()" classname="com.adventure.MT7" time="0.076"/>
  <testcase name="testReadFile()" classname="com.adventure.MT7" time="0.004"/>
  <testcase name="testCombatSimulator()" classname="com.adventure.MT7" time="0.013"/>
  <system-out><![CDATA[]]></system-out>
  <system-err><![CDATA[]]></system-err>
</testsuite>
