<?xml version="1.0" encoding="UTF-8"?>
<testsuite name="com.adventure.MT4" tests="4" skipped="0" failures="0" errors="0" timestamp="2024-02-06T21:19:40" hostname="Dell-Latitude-3520" time="0.076">
  <properties/>
  <testcase name="testDoorConstructors()" classname="com.adventure.MT4" time="0.035"/>
  <testcase name="testKeyFactory()" classname="com.adventure.MT4" time="0.02"/>
  <testcase name="testKeyAndDoor()" classname="com.adventure.MT4" time="0.014"/>
  <testcase name="testKeyConstructors()" classname="com.adventure.MT4" time="0.002"/>
  <system-out><![CDATA[Door is now open
That didn't work on the door
Door is now open
]]></system-out>
  <system-err><![CDATA[]]></system-err>
</testsuite>
